  bai_tap_tuan_.cpp
C:\Users\LEGION\source\repos\Bai_tap_tuan_15\bai_tap_tuan_.cpp(94,37): warning C4566: character represented by universal-character-name '\u01B0' cannot be represented in the current code page (1252)
C:\Users\LEGION\source\repos\Bai_tap_tuan_15\bai_tap_tuan_.cpp(94,37): warning C4566: character represented by universal-character-name '\u01A1' cannot be represented in the current code page (1252)
C:\Users\LEGION\source\repos\Bai_tap_tuan_15\bai_tap_tuan_.cpp(94,37): warning C4566: character represented by universal-character-name '\u1EDB' cannot be represented in the current code page (1252)
C:\Users\LEGION\source\repos\Bai_tap_tuan_15\bai_tap_tuan_.cpp(94,37): warning C4566: character represented by universal-character-name '\u1EC7' cannot be represented in the current code page (1252)
C:\Users\LEGION\source\repos\Bai_tap_tuan_15\bai_tap_tuan_.cpp(98,37): warning C4566: character represented by universal-character-name '\u01B0' cannot be represented in the current code page (1252)
C:\Users\LEGION\source\repos\Bai_tap_tuan_15\bai_tap_tuan_.cpp(98,37): warning C4566: character represented by universal-character-name '\u01A1' cannot be represented in the current code page (1252)
C:\Users\LEGION\source\repos\Bai_tap_tuan_15\bai_tap_tuan_.cpp(98,37): warning C4566: character represented by universal-character-name '\u1EA3' cannot be represented in the current code page (1252)
C:\Users\LEGION\source\repos\Bai_tap_tuan_15\bai_tap_tuan_.cpp(102,37): warning C4566: character represented by universal-character-name '\u1EE5' cannot be represented in the current code page (1252)
C:\Users\LEGION\source\repos\Bai_tap_tuan_15\bai_tap_tuan_.cpp(102,37): warning C4566: character represented by universal-character-name '\u1EC7' cannot be represented in the current code page (1252)
C:\Users\LEGION\source\repos\Bai_tap_tuan_15\bai_tap_tuan_.cpp(105,37): warning C4566: character represented by universal-character-name '\u1EE5' cannot be represented in the current code page (1252)
C:\Users\LEGION\source\repos\Bai_tap_tuan_15\bai_tap_tuan_.cpp(105,37): warning C4566: character represented by universal-character-name '\u1EE8' cannot be represented in the current code page (1252)
C:\Users\LEGION\source\repos\Bai_tap_tuan_15\bai_tap_tuan_.cpp(110,18): warning C4566: character represented by universal-character-name '\u1ED1' cannot be represented in the current code page (1252)
C:\Users\LEGION\source\repos\Bai_tap_tuan_15\bai_tap_tuan_.cpp(110,18): warning C4566: character represented by universal-character-name '\u01B0' cannot be represented in the current code page (1252)
C:\Users\LEGION\source\repos\Bai_tap_tuan_15\bai_tap_tuan_.cpp(110,18): warning C4566: character represented by universal-character-name '\u01A1' cannot be represented in the current code page (1252)
C:\Users\LEGION\source\repos\Bai_tap_tuan_15\bai_tap_tuan_.cpp(115,22): warning C4566: character represented by universal-character-name '\u01B0' cannot be represented in the current code page (1252)
C:\Users\LEGION\source\repos\Bai_tap_tuan_15\bai_tap_tuan_.cpp(115,22): warning C4566: character represented by universal-character-name '\u01A1' cannot be represented in the current code page (1252)
C:\Users\LEGION\source\repos\Bai_tap_tuan_15\bai_tap_tuan_.cpp(115,22): warning C4566: character represented by universal-character-name '\u1EA5' cannot be represented in the current code page (1252)
C:\Users\LEGION\source\repos\Bai_tap_tuan_15\bai_tap_tuan_.cpp(116,16): warning C4566: character represented by universal-character-name '\u1EDB' cannot be represented in the current code page (1252)
C:\Users\LEGION\source\repos\Bai_tap_tuan_15\bai_tap_tuan_.cpp(120,37): warning C4566: character represented by universal-character-name '\u1EE5' cannot be represented in the current code page (1252)
C:\Users\LEGION\source\repos\Bai_tap_tuan_15\bai_tap_tuan_.cpp(120,37): warning C4566: character represented by universal-character-name '\u1EE8' cannot be represented in the current code page (1252)
C:\Users\LEGION\source\repos\Bai_tap_tuan_15\bai_tap_tuan_.cpp(122,22): warning C4566: character represented by universal-character-name '\u0110' cannot be represented in the current code page (1252)
C:\Users\LEGION\source\repos\Bai_tap_tuan_15\bai_tap_tuan_.cpp(122,22): warning C4566: character represented by universal-character-name '\u1EE5' cannot be represented in the current code page (1252)
C:\Users\LEGION\source\repos\Bai_tap_tuan_15\bai_tap_tuan_.cpp(122,22): warning C4566: character represented by universal-character-name '\u1EE8' cannot be represented in the current code page (1252)
C:\Users\LEGION\source\repos\Bai_tap_tuan_15\bai_tap_tuan_.cpp(122,22): warning C4566: character represented by universal-character-name '\u1EAD' cannot be represented in the current code page (1252)
C:\Users\LEGION\source\repos\Bai_tap_tuan_15\bai_tap_tuan_.cpp(122,22): warning C4566: character represented by universal-character-name '\u1ED1' cannot be represented in the current code page (1252)
C:\Users\LEGION\source\repos\Bai_tap_tuan_15\bai_tap_tuan_.cpp(125,22): warning C4566: character represented by universal-character-name '\u1EA5' cannot be represented in the current code page (1252)
C:\Users\LEGION\source\repos\Bai_tap_tuan_15\bai_tap_tuan_.cpp(125,22): warning C4566: character represented by universal-character-name '\u1EE5' cannot be represented in the current code page (1252)
C:\Users\LEGION\source\repos\Bai_tap_tuan_15\bai_tap_tuan_.cpp(125,22): warning C4566: character represented by universal-character-name '\u1EA7' cannot be represented in the current code page (1252)
  Bai_tap_tuan_15.vcxproj -> C:\Users\LEGION\source\repos\Bai_tap_tuan_15\x64\Debug\Bai_tap_tuan_15.exe
